2017-11-09 18:56:11 Error: [Cake\Routing\Exception\MissingControllerException] Controller class Robots.txt could not be found.
Exception Attributes: array (
  'class' => 'Robots.txt',
  'plugin' => false,
  'prefix' => false,
  '_ext' => false,
)
Request URL: /robots.txt
Stack Trace:
#0 C:\Users\Mihai\OneDrive\htdocs\copy.loc\vendor\cakephp\cakephp\src\Http\ControllerFactory.php(85): Cake\Http\ControllerFactory->missingController(Object(Cake\Http\ServerRequest))
#1 C:\Users\Mihai\OneDrive\htdocs\copy.loc\vendor\cakephp\cakephp\src\Http\ControllerFactory.php(36): Cake\Http\ControllerFactory->getControllerClass(Object(Cake\Http\ServerRequest))
#2 C:\Users\Mihai\OneDrive\htdocs\copy.loc\vendor\cakephp\cakephp\src\Http\ActionDispatcher.php(90): Cake\Http\ControllerFactory->create(Object(Cake\Http\ServerRequest), Object(Cake\Http\Response))
#3 C:\Users\Mihai\OneDrive\htdocs\copy.loc\vendor\cakephp\cakephp\src\Http\BaseApplication.php(108): Cake\Http\ActionDispatcher->dispatch(Object(Cake\Http\ServerRequest), Object(Cake\Http\Response))
#4 C:\Users\Mihai\OneDrive\htdocs\copy.loc\vendor\cakephp\cakephp\src\Http\Runner.php(65): Cake\Http\BaseApplication->__invoke(Object(Cake\Http\ServerRequest), Object(Cake\Http\Response), Object(Cake\Http\Runner))
#5 C:\Users\Mihai\OneDrive\htdocs\copy.loc\vendor\cakephp\cakephp\src\Routing\Middleware\RoutingMiddleware.php(104): Cake\Http\Runner->__invoke(Object(Cake\Http\ServerRequest), Object(Cake\Http\Response))
#6 C:\Users\Mihai\OneDrive\htdocs\copy.loc\vendor\cakephp\cakephp\src\Http\Runner.php(65): Cake\Routing\Middleware\RoutingMiddleware->__invoke(Object(Cake\Http\ServerRequest), Object(Cake\Http\Response), Object(Cake\Http\Runner))
#7 C:\Users\Mihai\OneDrive\htdocs\copy.loc\vendor\cakephp\cakephp\src\Routing\Middleware\AssetMiddleware.php(97): Cake\Http\Runner->__invoke(Object(Cake\Http\ServerRequest), Object(Cake\Http\Response))
#8 C:\Users\Mihai\OneDrive\htdocs\copy.loc\vendor\cakephp\cakephp\src\Http\Runner.php(65): Cake\Routing\Middleware\AssetMiddleware->__invoke(Object(Cake\Http\ServerRequest), Object(Cake\Http\Response), Object(Cake\Http\Runner))
#9 C:\Users\Mihai\OneDrive\htdocs\copy.loc\vendor\cakephp\cakephp\src\Error\Middleware\ErrorHandlerMiddleware.php(95): Cake\Http\Runner->__invoke(Object(Cake\Http\ServerRequest), Object(Cake\Http\Response))
#10 C:\Users\Mihai\OneDrive\htdocs\copy.loc\vendor\cakephp\cakephp\src\Http\Runner.php(65): Cake\Error\Middleware\ErrorHandlerMiddleware->__invoke(Object(Cake\Http\ServerRequest), Object(Cake\Http\Response), Object(Cake\Http\Runner))
#11 C:\Users\Mihai\OneDrive\htdocs\copy.loc\vendor\cakephp\debug_kit\src\Middleware\DebugKitMiddleware.php(52): Cake\Http\Runner->__invoke(Object(Cake\Http\ServerRequest), Object(Cake\Http\Response))
#12 C:\Users\Mihai\OneDrive\htdocs\copy.loc\vendor\cakephp\cakephp\src\Http\Runner.php(65): DebugKit\Middleware\DebugKitMiddleware->__invoke(Object(Cake\Http\ServerRequest), Object(Cake\Http\Response), Object(Cake\Http\Runner))
#13 C:\Users\Mihai\OneDrive\htdocs\copy.loc\vendor\cakephp\cakephp\src\Http\Runner.php(51): Cake\Http\Runner->__invoke(Object(Cake\Http\ServerRequest), Object(Cake\Http\Response))
#14 C:\Users\Mihai\OneDrive\htdocs\copy.loc\vendor\cakephp\cakephp\src\Http\Server.php(81): Cake\Http\Runner->run(Object(Cake\Http\MiddlewareQueue), Object(Cake\Http\ServerRequest), Object(Cake\Http\Response))
#15 C:\Users\Mihai\OneDrive\htdocs\copy.loc\webroot\index.php(40): Cake\Http\Server->run()
#16 {main}


2017-11-10 18:04:06 Error: [Cake\Routing\Exception\MissingControllerException] Controller class Robots.txt could not be found.
Exception Attributes: array (
  'class' => 'Robots.txt',
  'plugin' => false,
  'prefix' => false,
  '_ext' => false,
)
Request URL: /robots.txt
Stack Trace:
#0 C:\Users\Mihai\OneDrive\htdocs\copy.loc\vendor\cakephp\cakephp\src\Http\ControllerFactory.php(85): Cake\Http\ControllerFactory->missingController(Object(Cake\Http\ServerRequest))
#1 C:\Users\Mihai\OneDrive\htdocs\copy.loc\vendor\cakephp\cakephp\src\Http\ControllerFactory.php(36): Cake\Http\ControllerFactory->getControllerClass(Object(Cake\Http\ServerRequest))
#2 C:\Users\Mihai\OneDrive\htdocs\copy.loc\vendor\cakephp\cakephp\src\Http\ActionDispatcher.php(90): Cake\Http\ControllerFactory->create(Object(Cake\Http\ServerRequest), Object(Cake\Http\Response))
#3 C:\Users\Mihai\OneDrive\htdocs\copy.loc\vendor\cakephp\cakephp\src\Http\BaseApplication.php(108): Cake\Http\ActionDispatcher->dispatch(Object(Cake\Http\ServerRequest), Object(Cake\Http\Response))
#4 C:\Users\Mihai\OneDrive\htdocs\copy.loc\vendor\cakephp\cakephp\src\Http\Runner.php(65): Cake\Http\BaseApplication->__invoke(Object(Cake\Http\ServerRequest), Object(Cake\Http\Response), Object(Cake\Http\Runner))
#5 C:\Users\Mihai\OneDrive\htdocs\copy.loc\vendor\cakephp\cakephp\src\Routing\Middleware\RoutingMiddleware.php(104): Cake\Http\Runner->__invoke(Object(Cake\Http\ServerRequest), Object(Cake\Http\Response))
#6 C:\Users\Mihai\OneDrive\htdocs\copy.loc\vendor\cakephp\cakephp\src\Http\Runner.php(65): Cake\Routing\Middleware\RoutingMiddleware->__invoke(Object(Cake\Http\ServerRequest), Object(Cake\Http\Response), Object(Cake\Http\Runner))
#7 C:\Users\Mihai\OneDrive\htdocs\copy.loc\vendor\cakephp\cakephp\src\Routing\Middleware\AssetMiddleware.php(97): Cake\Http\Runner->__invoke(Object(Cake\Http\ServerRequest), Object(Cake\Http\Response))
#8 C:\Users\Mihai\OneDrive\htdocs\copy.loc\vendor\cakephp\cakephp\src\Http\Runner.php(65): Cake\Routing\Middleware\AssetMiddleware->__invoke(Object(Cake\Http\ServerRequest), Object(Cake\Http\Response), Object(Cake\Http\Runner))
#9 C:\Users\Mihai\OneDrive\htdocs\copy.loc\vendor\cakephp\cakephp\src\Error\Middleware\ErrorHandlerMiddleware.php(95): Cake\Http\Runner->__invoke(Object(Cake\Http\ServerRequest), Object(Cake\Http\Response))
#10 C:\Users\Mihai\OneDrive\htdocs\copy.loc\vendor\cakephp\cakephp\src\Http\Runner.php(65): Cake\Error\Middleware\ErrorHandlerMiddleware->__invoke(Object(Cake\Http\ServerRequest), Object(Cake\Http\Response), Object(Cake\Http\Runner))
#11 C:\Users\Mihai\OneDrive\htdocs\copy.loc\vendor\cakephp\debug_kit\src\Middleware\DebugKitMiddleware.php(52): Cake\Http\Runner->__invoke(Object(Cake\Http\ServerRequest), Object(Cake\Http\Response))
#12 C:\Users\Mihai\OneDrive\htdocs\copy.loc\vendor\cakephp\cakephp\src\Http\Runner.php(65): DebugKit\Middleware\DebugKitMiddleware->__invoke(Object(Cake\Http\ServerRequest), Object(Cake\Http\Response), Object(Cake\Http\Runner))
#13 C:\Users\Mihai\OneDrive\htdocs\copy.loc\vendor\cakephp\cakephp\src\Http\Runner.php(51): Cake\Http\Runner->__invoke(Object(Cake\Http\ServerRequest), Object(Cake\Http\Response))
#14 C:\Users\Mihai\OneDrive\htdocs\copy.loc\vendor\cakephp\cakephp\src\Http\Server.php(81): Cake\Http\Runner->run(Object(Cake\Http\MiddlewareQueue), Object(Cake\Http\ServerRequest), Object(Cake\Http\Response))
#15 C:\Users\Mihai\OneDrive\htdocs\copy.loc\webroot\index.php(40): Cake\Http\Server->run()
#16 {main}


